[    0.000000] Initializing cgroup subsys cpuset
[    0.000000] Initializing cgroup subsys cpu
[    0.000000] Initializing cgroup subsys cpuacct
[    0.000000] Linux version 4.4.0-210-generic (buildd@lgw01-amd64-009) (gcc version 5.4.0 20160609 (Ubuntu 5.4.0-6ubuntu1~16.04.12) ) #242-Ubuntu SMP Fri Apr 16 09:57:56 UTC 2021 (Ubuntu 4.4.0-210.242-generic 4.4.262)
[    0.000000] Command line: BOOT_IMAGE=/boot/vmlinuz-4.4.0-210-generic root=LABEL=cloudimg-rootfs ro console=tty1 console=ttyS0
[    0.000000] KERNEL supported cpus:
[    0.000000]   Intel GenuineIntel
[    0.000000]   AMD AuthenticAMD
[    0.000000]   Centaur CentaurHauls
[    0.000000] [Firmware Bug]: TSC doesn't count with P0 frequency!
[    0.000000] x86/fpu: xstate_offset[2]:  576, xstate_sizes[2]:  256
[    0.000000] x86/fpu: Supporting XSAVE feature 0x01: 'x87 floating point registers'
[    0.000000] x86/fpu: Supporting XSAVE feature 0x02: 'SSE registers'
[    0.000000] x86/fpu: Supporting XSAVE feature 0x04: 'AVX registers'
[    0.000000] x86/fpu: Enabled xstate features 0x7, context size is 832 bytes, using 'standard' format.
[    0.000000] e820: BIOS-provided physical RAM map:
[    0.000000] BIOS-e820: [mem 0x0000000000000000-0x000000000009fbff] usable
[    0.000000] BIOS-e820: [mem 0x000000000009fc00-0x000000000009ffff] reserved
[    0.000000] BIOS-e820: [mem 0x00000000000f0000-0x00000000000fffff] reserved
[    0.000000] BIOS-e820: [mem 0x0000000000100000-0x000000003ffeffff] usable
[    0.000000] BIOS-e820: [mem 0x000000003fff0000-0x000000003fffffff] ACPI data
[    0.000000] BIOS-e820: [mem 0x00000000fec00000-0x00000000fec00fff] reserved
[    0.000000] BIOS-e820: [mem 0x00000000fee00000-0x00000000fee00fff] reserved
[    0.000000] BIOS-e820: [mem 0x00000000fffc0000-0x00000000ffffffff] reserved
[    0.000000] NX (Execute Disable) protection: active
[    0.000000] SMBIOS 2.5 present.
[    0.000000] Hypervisor detected: KVM
[    0.000000] Kernel/User page tables isolation: disabled
[    0.000000] e820: last_pfn = 0x3fff0 max_arch_pfn = 0x400000000
[    0.000000] MTRR: Disabled
[    0.000000] x86/PAT: MTRRs disabled, skipping PAT initialization too.
[    0.000000] CPU MTRRs all blank - virtualized system.
[    0.000000] x86/PAT: Configuration [0-7]: WB  WT  UC- UC  WB  WT  UC- UC  
[    0.000000] found SMP MP-table at [mem 0x0009fff0-0x0009ffff] mapped at [ffff88000009fff0]
[    0.000000] Scanning 1 areas for low memory corruption
[    0.000000] RAMDISK: [mem 0x362dc000-0x37165fff]
[    0.000000] ACPI: Early table checksum verification disabled
[    0.000000] ACPI: RSDP 0x00000000000E0000 000024 (v02 VBOX  )
[    0.000000] ACPI: XSDT 0x000000003FFF0030 00003C (v01 VBOX   VBOXXSDT 00000001 ASL  00000061)
[    0.000000] ACPI: FACP 0x000000003FFF00F0 0000F4 (v04 VBOX   VBOXFACP 00000001 ASL  00000061)
[    0.000000] ACPI: DSDT 0x000000003FFF0470 002325 (v02 VBOX   VBOXBIOS 00000002 INTL 20100528)
[    0.000000] ACPI: FACS 0x000000003FFF0200 000040
[    0.000000] ACPI: FACS 0x000000003FFF0200 000040
[    0.000000] ACPI: APIC 0x000000003FFF0240 00005C (v02 VBOX   VBOXAPIC 00000001 ASL  00000061)
[    0.000000] ACPI: SSDT 0x000000003FFF02A0 0001CC (v01 VBOX   VBOXCPUT 00000002 INTL 20100528)
[    0.000000] No NUMA configuration found
[    0.000000] Faking a node at [mem 0x0000000000000000-0x000000003ffeffff]
[    0.000000] NODE_DATA(0) allocated [mem 0x3ffeb000-0x3ffeffff]
[    0.000000] kvm-clock: Using msrs 4b564d01 and 4b564d00
[    0.000000] kvm-clock: cpu 0, msr 0:3ffe3001, primary cpu clock
[    0.000000] kvm-clock: using sched offset of 3196639771 cycles
[    0.000000] clocksource: kvm-clock: mask: 0xffffffffffffffff max_cycles: 0x1cd42e4dffb, max_idle_ns: 881590591483 ns
[    0.000000] Zone ranges:
[    0.000000]   DMA      [mem 0x0000000000001000-0x0000000000ffffff]
[    0.000000]   DMA32    [mem 0x0000000001000000-0x000000003ffeffff]
[    0.000000]   Normal   empty
[    0.000000]   Device   empty
[    0.000000] Movable zone start for each node
[    0.000000] Early memory node ranges
[    0.000000]   node   0: [mem 0x0000000000001000-0x000000000009efff]
[    0.000000]   node   0: [mem 0x0000000000100000-0x000000003ffeffff]
[    0.000000] Initmem setup node 0 [mem 0x0000000000001000-0x000000003ffeffff]
[    0.000000] ACPI: PM-Timer IO Port: 0x4008
[    0.000000] IOAPIC[0]: apic_id 2, version 32, address 0xfec00000, GSI 0-23
[    0.000000] ACPI: INT_SRC_OVR (bus 0 bus_irq 0 global_irq 2 dfl dfl)
[    0.000000] ACPI: INT_SRC_OVR (bus 0 bus_irq 9 global_irq 9 low level)
[    0.000000] Using ACPI (MADT) for SMP configuration information
[    0.000000] smpboot: Allowing 2 CPUs, 0 hotplug CPUs
[    0.000000] PM: Registered nosave memory: [mem 0x00000000-0x00000fff]
[    0.000000] PM: Registered nosave memory: [mem 0x0009f000-0x0009ffff]
[    0.000000] PM: Registered nosave memory: [mem 0x000a0000-0x000effff]
[    0.000000] PM: Registered nosave memory: [mem 0x000f0000-0x000fffff]
[    0.000000] e820: [mem 0x40000000-0xfebfffff] available for PCI devices
[    0.000000] Booting paravirtualized kernel on KVM
[    0.000000] clocksource: refined-jiffies: mask: 0xffffffff max_cycles: 0xffffffff, max_idle_ns: 7645519600211568 ns
[    0.000000] setup_percpu: NR_CPUS:512 nr_cpumask_bits:512 nr_cpu_ids:2 nr_node_ids:1
[    0.000000] PERCPU: Embedded 33 pages/cpu @ffff88003fc00000 s95192 r8192 d31784 u1048576
[    0.000000] Built 1 zonelists in Node order, mobility grouping on.  Total pages: 257912
[    0.000000] Policy zone: DMA32
[    0.000000] Kernel command line: BOOT_IMAGE=/boot/vmlinuz-4.4.0-210-generic root=LABEL=cloudimg-rootfs ro console=tty1 console=ttyS0
[    0.000000] PID hash table entries: 4096 (order: 3, 32768 bytes)
[    0.000000] Memory: 997792K/1048120K available (8644K kernel code, 1332K rwdata, 4044K rodata, 1492K init, 1164K bss, 50328K reserved, 0K cma-reserved)
[    0.000000] SLUB: HWalign=64, Order=0-3, MinObjects=0, CPUs=2, Nodes=1
[    0.000000] Hierarchical RCU implementation.
[    0.000000] 	Build-time adjustment of leaf fanout to 64.
[    0.000000] 	RCU restricting CPUs from NR_CPUS=512 to nr_cpu_ids=2.
[    0.000000] RCU: Adjusting geometry for rcu_fanout_leaf=64, nr_cpu_ids=2
[    0.000000] NR_IRQS:33024 nr_irqs:440 16
[    0.000000] Console: colour VGA+ 80x25
[    0.000000] console [tty1] enabled
[    0.000000] console [ttyS0] enabled
[    0.000000] tsc: Detected 2096.064 MHz processor
[    0.129753] Calibrating delay loop (skipped) preset value.. 4192.12 BogoMIPS (lpj=8384256)
[    0.131416] pid_max: default: 32768 minimum: 301
[    0.132529] ACPI: Core revision 20150930
[    0.134338] ACPI: 2 ACPI AML tables successfully acquired and loaded
[    0.136724] Security Framework initialized
[    0.137756] Yama: becoming mindful.
[    0.138629] AppArmor: AppArmor initialized
[    0.140947] Dentry cache hash table entries: 131072 (order: 8, 1048576 bytes)
[    0.142519] Inode-cache hash table entries: 65536 (order: 7, 524288 bytes)
[    0.145161] Mount-cache hash table entries: 2048 (order: 2, 16384 bytes)
[    0.147207] Mountpoint-cache hash table entries: 2048 (order: 2, 16384 bytes)
[    0.148927] Initializing cgroup subsys io
[    0.150865] Initializing cgroup subsys memory
[    0.151857] Initializing cgroup subsys devices
[    0.152984] Initializing cgroup subsys freezer
[    0.153763] Initializing cgroup subsys net_cls
[    0.154619] Initializing cgroup subsys perf_event
[    0.156664] Initializing cgroup subsys net_prio
[    0.158006] Initializing cgroup subsys hugetlb
[    0.159528] Initializing cgroup subsys pids
[    0.168380] mce: CPU supports 0 MCE banks
[    0.169342] Last level iTLB entries: 4KB 1024, 2MB 1024, 4MB 512
[    0.170691] Last level dTLB entries: 4KB 2048, 2MB 2048, 4MB 1024, 1GB 0
[    0.171858] Spectre V1 : Mitigation: usercopy/swapgs barriers and __user pointer sanitization
[    0.173382] Spectre V2 : Spectre mitigation: LFENCE not serializing, switching to generic retpoline
[    0.175052] Spectre V2 : Mitigation: Full generic retpoline
[    0.176005] Spectre V2 : Spectre v2 / SpectreRSB mitigation: Filling RSB on context switch
[    0.177619] Speculative Store Bypass: Mitigation: Speculative Store Bypass disabled via prctl and seccomp
[    0.181494] Freeing SMP alternatives memory: 36K
[    0.187352] ftrace: allocating 32380 entries in 127 pages
[    0.239886] smpboot: APIC(0) Converting physical 0 to logical package 0
[    0.241155] smpboot: Max logical packages: 1
[    0.242338] x2apic enabled
[    0.243142] Switched APIC routing to physical x2apic.
[    0.245219] ..TIMER: vector=0x30 apic1=0 pin1=2 apic2=-1 pin2=-1
[    0.354375] smpboot: CPU0: AMD Ryzen 5 5500U with Radeon Graphics (family: 0x17, model: 0x68, stepping: 0x1)
[    0.357521] Performance Events: Broken PMU hardware detected, using software events only.
[    0.359134] Failed to access perfctr msr (MSR c0010007 is 0)
[    0.365716] KVM setup paravirtual spinlock
[    0.367121] x86: Booting SMP configuration:
[    0.368060] .... node  #0, CPUs:      #1
[    0.368916] kvm-clock: cpu 1, msr 0:3ffe3041, secondary cpu clock
[    0.376938] mce: CPU supports 0 MCE banks
[    0.379581] x86: Booted up 1 node, 2 CPUs
[    0.381440] smpboot: Total of 2 processors activated (8384.25 BogoMIPS)
[    0.382990] devtmpfs: initialized
[    0.385139] evm: security.selinux
[    0.385919] evm: security.SMACK64
[    0.386602] evm: security.SMACK64EXEC
[    0.387264] evm: security.SMACK64TRANSMUTE
[    0.388062] evm: security.SMACK64MMAP
[    0.389082] evm: security.ima
[    0.389804] evm: security.capability
[    0.393655] clocksource: jiffies: mask: 0xffffffff max_cycles: 0xffffffff, max_idle_ns: 7645041785100000 ns
[    0.396900] futex hash table entries: 512 (order: 3, 32768 bytes)
[    0.398677] pinctrl core: initialized pinctrl subsystem
[    0.399734] RTC time:  8:21:13, date: 01/15/23
[    0.400963] NET: Registered protocol family 16
[    0.408778] cpuidle: using governor ladder
[    0.417548] cpuidle: using governor menu
[    0.418717] PCCT header not found.
[    0.419814] ACPI: bus type PCI registered
[    0.420765] acpiphp: ACPI Hot Plug PCI Controller Driver version: 0.5
[    0.422178] PCI: Using configuration type 1 for base access
[    0.423182] PCI: Using configuration type 1 for extended access
[    0.431543] ACPI: Added _OSI(Module Device)
[    0.432429] ACPI: Added _OSI(Processor Device)
[    0.433293] ACPI: Added _OSI(3.0 _SCP Extensions)
[    0.434179] ACPI: Added _OSI(Processor Aggregator Device)
[    0.435953] ACPI: Executed 1 blocks of module-level executable AML code
[    0.438361] ACPI: Interpreter enabled
[    0.439149] ACPI: (supports S0 S5)
[    0.439848] ACPI: Using IOAPIC for interrupt routing
[    0.441220] PCI: Using host bridge windows from ACPI; if necessary, use "pci=nocrs" and report a bug
[    0.445054] ACPI: PCI Root Bridge [PCI0] (domain 0000 [bus 00-ff])
[    0.446086] acpi PNP0A03:00: _OSC: OS supports [ExtendedConfig ASPM ClockPM Segments MSI]
[    0.448018] acpi PNP0A03:00: _OSC: platform does not support [PCIeCapability]
[    0.449312] acpi PNP0A03:00: _OSC: not requesting control; platform does not support [PCIeCapability]
[    0.450946] acpi PNP0A03:00: _OSC: OS requested [PCIeHotplug PME AER PCIeCapability]
[    0.452497] acpi PNP0A03:00: _OSC: platform willing to grant [PCIeHotplug PME AER]
[    0.453826] acpi PNP0A03:00: _OSC failed (AE_SUPPORT); disabling ASPM
[    0.455094] PCI host bridge to bus 0000:00
[    0.455884] pci_bus 0000:00: root bus resource [io  0x0000-0x0cf7 window]
[    0.465222] pci_bus 0000:00: root bus resource [io  0x0d00-0xffff window]
[    0.466244] pci_bus 0000:00: root bus resource [mem 0x000a0000-0x000bffff window]
[    0.467452] pci_bus 0000:00: root bus resource [mem 0x40000000-0xfdffffff window]
[    0.468900] pci_bus 0000:00: root bus resource [bus 00-ff]
[    0.471212] pci 0000:00:01.1: legacy IDE quirk: reg 0x10: [io  0x01f0-0x01f7]
[    0.472432] pci 0000:00:01.1: legacy IDE quirk: reg 0x14: [io  0x03f6]
[    0.473411] pci 0000:00:01.1: legacy IDE quirk: reg 0x18: [io  0x0170-0x0177]
[    0.474406] pci 0000:00:01.1: legacy IDE quirk: reg 0x1c: [io  0x0376]
[    0.490914] pci 0000:00:07.0: quirk: [io  0x4000-0x403f] claimed by PIIX4 ACPI
[    0.492512] pci 0000:00:07.0: quirk: [io  0x4100-0x410f] claimed by PIIX4 SMB
[    0.503504] ACPI: PCI Interrupt Link [LNKA] (IRQs 5 9 10 *11)
[    0.504963] ACPI: PCI Interrupt Link [LNKB] (IRQs 5 9 *10 11)
[    0.506205] ACPI: PCI Interrupt Link [LNKC] (IRQs 5 *9 10 11)
[    0.507523] ACPI: PCI Interrupt Link [LNKD] (IRQs 5 9 10 *11)
[    0.508916] ACPI: Enabled 2 GPEs in block 00 to 07
[    0.510013] vgaarb: setting as boot device: PCI:0000:00:02.0
[    0.510907] vgaarb: device added: PCI:0000:00:02.0,decodes=io+mem,owns=io+mem,locks=none
[    0.512230] vgaarb: loaded
[    0.512734] vgaarb: bridge control possible 0000:00:02.0
[    0.513704] SCSI subsystem initialized
[    0.514638] ACPI: bus type USB registered
[    0.515380] usbcore: registered new interface driver usbfs
[    0.516284] usbcore: registered new interface driver hub
[    0.517149] usbcore: registered new device driver usb
[    0.518491] PCI: Using ACPI for IRQ routing
[    0.519615] NetLabel: Initializing
[    0.520331] NetLabel:  domain hash size = 128
[    0.521060] NetLabel:  protocols = UNLABELED CIPSOv4
[    0.521929] NetLabel:  unlabeled traffic allowed by default
[    0.522902] amd_nb: Cannot enumerate AMD northbridges
[    0.523756] clocksource: Switched to clocksource kvm-clock
[    0.532236] AppArmor: AppArmor Filesystem Enabled
[    0.533357] pnp: PnP ACPI init
[    0.534746] pnp: PnP ACPI: found 3 devices
[    0.547279] clocksource: acpi_pm: mask: 0xffffff max_cycles: 0xffffff, max_idle_ns: 2085701024 ns
[    0.548963] NET: Registered protocol family 2
[    0.549851] TCP established hash table entries: 8192 (order: 4, 65536 bytes)
[    0.551097] TCP bind hash table entries: 8192 (order: 5, 131072 bytes)
[    0.552296] TCP: Hash tables configured (established 8192 bind 8192)
[    0.554556] UDP hash table entries: 512 (order: 2, 16384 bytes)
[    0.556016] UDP-Lite hash table entries: 512 (order: 2, 16384 bytes)
[    0.557284] NET: Registered protocol family 1
[    0.558152] pci 0000:00:00.0: Limiting direct PCI/PCI transfers
[    0.559121] pci 0000:00:01.0: Activating ISA DMA hang workarounds
[    0.560162] Unpacking initramfs...
[    0.756358] Freeing initrd memory: 14888K
[    0.757393] clocksource: tsc: mask: 0xffffffffffffffff max_cycles: 0x1e36aa4f9f7, max_idle_ns: 440795294663 ns
[    0.759404] platform rtc_cmos: registered platform RTC device (no PNP device found)
[    0.760792] Scanning for low memory corruption every 60 seconds
[    0.762888] audit: initializing netlink subsys (disabled)
[    0.763906] audit: type=2000 audit(1673770878.197:1): initialized
[    0.765140] Initialise system trusted keyring
[    0.766278] HugeTLB registered 2 MB page size, pre-allocated 0 pages
[    0.769020] zbud: loaded
[    0.771166] VFS: Disk quotas dquot_6.6.0
[    0.771984] VFS: Dquot-cache hash table entries: 512 (order 0, 4096 bytes)
[    0.773277] squashfs: version 4.0 (2009/01/31) Phillip Lougher
[    0.774526] fuse init (API version 7.23)
[    0.775302] Key type big_key registered
[    0.775985] Allocating IMA MOK and blacklist keyrings.
[    0.779209] Key type asymmetric registered
[    0.780168] Asymmetric key parser 'x509' registered
[    0.781034] Block layer SCSI generic (bsg) driver version 0.4 loaded (major 249)
[    0.782451] io scheduler noop registered
[    0.783163] io scheduler deadline registered (default)
[    0.784074] io scheduler cfq registered
[    0.785039] pci_hotplug: PCI Hot Plug PCI Core version: 0.5
[    0.786118] pciehp: PCI Express Hot Plug Controller Driver version: 0.4
[    0.787306] ACPI: AC Adapter [AC] (on-line)
[    0.788106] input: Power Button as /devices/LNXSYSTM:00/LNXPWRBN:00/input/input0
[    0.789469] ACPI: Power Button [PWRF]
[    0.790248] input: Sleep Button as /devices/LNXSYSTM:00/LNXSLPBN:00/input/input1
[    0.791608] ACPI: Sleep Button [SLPF]
[    0.792923] ACPI: Battery Slot [BAT0] (battery present)
[    0.794044] GHES: HEST is not enabled!
[    0.795028] Serial: 8250/16550 driver, 32 ports, IRQ sharing enabled
[    0.818212] 00:02: ttyS0 at I/O 0x3f8 (irq = 4, base_baud = 115200) is a 16550A
[    0.822327] Linux agpgart interface v0.103
[    0.826639] loop: module loaded
[    0.827786] scsi host0: ata_piix
[    0.828662] scsi host1: ata_piix
[    0.829273] ata1: PATA max UDMA/33 cmd 0x1f0 ctl 0x3f6 bmdma 0xd000 irq 14
[    0.830279] ata2: PATA max UDMA/33 cmd 0x170 ctl 0x376 bmdma 0xd008 irq 15
[    0.831349] libphy: Fixed MDIO Bus: probed
[    0.832130] tun: Universal TUN/TAP device driver, 1.6
[    0.832926] tun: (C) 1999-2004 Max Krasnyansky <maxk@qualcomm.com>
[    0.834133] PPP generic driver version 2.4.2
[    0.835056] ehci_hcd: USB 2.0 'Enhanced' Host Controller (EHCI) Driver
[    0.836639] ehci-pci: EHCI PCI platform driver
[    0.837449] ehci-platform: EHCI generic platform driver
[    0.838493] ohci_hcd: USB 1.1 'Open' Host Controller (OHCI) Driver
[    0.839558] ohci-pci: OHCI PCI platform driver
[    0.840389] ohci-platform: OHCI generic platform driver
[    0.841159] uhci_hcd: USB Universal Host Controller Interface driver
[    0.842087] i8042: PNP: PS/2 Controller [PNP0303:PS2K,PNP0f03:PS2M] at 0x60,0x64 irq 1,12
[    0.843769] serio: i8042 KBD port at 0x60,0x64 irq 1
[    0.844566] serio: i8042 AUX port at 0x60,0x64 irq 12
[    0.845677] mousedev: PS/2 mouse device common for all mice
[    0.847187] input: AT Translated Set 2 keyboard as /devices/platform/i8042/serio0/input/input2
[    0.848668] rtc_cmos rtc_cmos: rtc core: registered rtc_cmos as rtc0
[    0.849669] rtc_cmos rtc_cmos: alarms up to one day, 114 bytes nvram
[    0.851810] i2c /dev entries driver
[    0.852974] device-mapper: uevent: version 1.0.3
[    0.853920] device-mapper: ioctl: 4.34.0-ioctl (2015-10-28) initialised: dm-devel@redhat.com
[    0.855263] ledtrig-cpu: registered to indicate activity on CPUs
[    0.857214] NET: Registered protocol family 10
[    0.858326] NET: Registered protocol family 17
[    0.859122] Key type dns_resolver registered
[    0.860372] registered taskstats version 1
[    0.861244] Loading compiled-in X.509 certificates
[    0.863287] Loaded X.509 cert 'Build time autogenerated kernel key: cf00e047681d67edb2720680708b7d9498083038'
[    0.865303] zswap: loaded using pool lzo/zbud
[    0.867824] Key type trusted registered
[    0.873003] Key type encrypted registered
[    0.874541] AppArmor: AppArmor sha1 policy hashing enabled
[    0.875682] ima: No TPM chip found, activating TPM-bypass!
[    0.876837] ima: Allocated hash algorithm: sha1
[    0.877700] evm: HMAC attrs: 0x1
[    0.879047]   Magic number: 7:764:371
[    0.879867] rtc_cmos rtc_cmos: setting system clock to 2023-01-15 08:21:14 UTC (1673770874)
[    0.881481] BIOS EDD facility v0.16 2004-Jun-25, 0 devices found
[    0.882617] EDD information not available.
[    1.238867] Freeing unused kernel memory: 1492K
[    1.240083] Write protecting the kernel read-only data: 14336k
[    1.241656] Freeing unused kernel memory: 1584K
[    1.242878] Freeing unused kernel memory: 52K
Loading, please wait...
starting version 229
[    1.256306] random: systemd-udevd: uninitialized urandom read (16 bytes read, 3 bits of entropy available)
[    1.256897] random: udevadm: uninitialized urandom read (16 bytes read, 3 bits of entropy available)
[    1.256923] random: udevadm: uninitialized urandom read (16 bytes read, 3 bits of entropy available)
[    1.262887] random: systemd-udevd: uninitialized urandom read (16 bytes read, 3 bits of entropy available)
[    1.264468] random: udevadm: uninitialized urandom read (16 bytes read, 3 bits of entropy available)
[    1.264507] random: udevadm: uninitialized urandom read (16 bytes read, 3 bits of entropy available)
[    1.264614] random: udevadm: uninitialized urandom read (16 bytes read, 3 bits of entropy available)
[    1.264651] random: udevadm: uninitialized urandom read (16 bytes read, 3 bits of entropy available)
[    1.264686] random: udevadm: uninitialized urandom read (16 bytes read, 3 bits of entropy available)
[    1.264724] random: udevadm: uninitialized urandom read (16 bytes read, 3 bits of entropy available)
[    1.306047] Fusion MPT base driver 3.04.20
[    1.307017] Copyright (c) 1999-2008 LSI Corporation
[    1.310469] e1000: Intel(R) PRO/1000 Network Driver - version 7.3.21-k8-NAPI
[    1.311898] e1000: Copyright (c) 1999-2006 Intel Corporation.
[    1.320709] Fusion MPT SPI Host driver 3.04.20
[    1.336834] AVX2 version of gcm_enc/dec engaged.
[    1.338015] AES CTR mode by8 optimization enabled
[    1.519361] input: ImExPS/2 Generic Explorer Mouse as /devices/platform/i8042/serio1/input/input4
[    1.681646] e1000 0000:00:03.0 eth0: (PCI:33MHz:32-bit) 02:be:82:6b:cc:1d
[    1.683063] e1000 0000:00:03.0 eth0: Intel(R) PRO/1000 Network Connection
[    1.684983] mptbase: ioc0: Initiating bringup
[    2.153848] ioc0: LSI53C1030 A0: Capabilities={Initiator}
[    2.691381] scsi host2: ioc0: LSI53C1030 A0, FwRev=00000000h, Ports=1, MaxQ=256, IRQ=20
[    2.804732] scsi 2:0:0:0: Direct-Access     VBOX     HARDDISK         1.0  PQ: 0 ANSI: 5
[    2.807237] scsi target2:0:0: Beginning Domain Validation
[    2.820130] scsi target2:0:0: Domain Validation skipping write tests
[    2.821366] scsi target2:0:0: Ending Domain Validation
[    2.822615] scsi target2:0:0: asynchronous
[    2.823907] scsi 2:0:1:0: Direct-Access     VBOX     HARDDISK         1.0  PQ: 0 ANSI: 5
[    2.825400] scsi target2:0:1: Beginning Domain Validation
[    2.827574] scsi target2:0:1: Domain Validation skipping write tests
[    2.828584] scsi target2:0:1: Ending Domain Validation
[    2.829542] scsi target2:0:1: asynchronous
[    2.844691] sd 2:0:0:0: Attached scsi generic sg0 type 0
[    2.845856] sd 2:0:0:0: [sda] 83886080 512-byte logical blocks: (42.9 GB/40.0 GiB)
[    2.848434] sd 2:0:1:0: [sdb] 20480 512-byte logical blocks: (10.5 MB/10.0 MiB)
[    2.850221] sd 2:0:1:0: Attached scsi generic sg1 type 0
[    2.852025] sd 2:0:1:0: [sdb] Write Protect is off
[    2.853137] sd 2:0:0:0: [sda] Write Protect is off
[    2.854222] sd 2:0:1:0: [sdb] Incomplete mode parameter data
[    2.856163] sd 2:0:1:0: [sdb] Assuming drive cache: write through
[    2.857297] sd 2:0:0:0: [sda] Incomplete mode parameter data
[    2.858216] sd 2:0:0:0: [sda] Assuming drive cache: write through
[    2.866318]  sda: sda1
[    2.868114] sd 2:0:0:0: [sda] Attached SCSI disk
[    2.869775] sd 2:0:1:0: [sdb] Attached SCSI disk
[    3.148589] e1000 0000:00:08.0 eth1: (PCI:33MHz:32-bit) 08:00:27:30:f3:d8
[    3.150549] e1000 0000:00:08.0 eth1: Intel(R) PRO/1000 Network Connection
[    3.152979] e1000 0000:00:08.0 enp0s8: renamed from eth1
[    3.165967] e1000 0000:00:03.0 enp0s3: renamed from eth0
Begin: Loading essential drivers ... [    4.515087] md: linear personality registered for level -1
[    4.518195] md: multipath personality registered for level -4
[    4.521286] md: raid0 personality registered for level 0
[    4.524920] md: raid1 personality registered for level 1
[    4.596970] raid6: sse2x1   gen()  7534 MB/s
[    4.664548] raid6: sse2x1   xor()  8312 MB/s
[    4.733526] raid6: sse2x2   gen() 17020 MB/s
[    4.800997] raid6: sse2x2   xor() 11163 MB/s
[    4.868520] raid6: sse2x4   gen() 17838 MB/s
[    4.936636] raid6: sse2x4   xor() 10030 MB/s
[    5.004199] raid6: avx2x1   gen() 19412 MB/s
[    5.071844] raid6: avx2x2   gen() 31623 MB/s
[    5.140739] raid6: avx2x4   gen() 33682 MB/s
[    5.141537] raid6: using algorithm avx2x4 gen() 33682 MB/s
[    5.142356] raid6: using avx2x2 recovery algorithm
[    5.144137] xor: automatically using best checksumming function:
[    5.183775]    avx       : 18591.000 MB/sec
[    5.185597] async_tx: api initialized (async)
[    5.193661] md: raid6 personality registered for level 6
[    5.194834] md: raid5 personality registered for level 5
[    5.196431] md: raid4 personality registered for level 4
[    5.202488] md: raid10 personality registered for level 10
done.
Begin: Running /scripts/init-premount ... done.
Begin: Mounting root file system ... Begin: Running /scripts/local-top ... done.
Begin: Running /scripts/local-premount ... [    5.226254] Btrfs loaded
Scanning for Btrfs filesystems
done.
Warning: fsck not present, so skipping root file system
[    5.260592] EXT4-fs (sda1): mounted filesystem with ordered data mode. Opts: (null)
done.
Begin: Running /scripts/local-bottom ... done.
Begin: Running /scripts/init-bottom ... done.
[    5.349850] systemd[1]: systemd 229 running in system mode. (+PAM +AUDIT +SELINUX +IMA +APPARMOR +SMACK +SYSVINIT +UTMP +LIBCRYPTSETUP +GCRYPT +GNUTLS +ACL +XZ -LZ4 +SECCOMP +BLKID +ELFUTILS +KMOD -IDN)
[    5.353117] systemd[1]: Detected virtualization oracle.
[    5.354069] systemd[1]: Detected architecture x86-64.

Welcome to [1mUbuntu 16.04.7 LTS[0m!

[    5.358056] systemd[1]: Set hostname to <ubuntu>.
[    5.361045] systemd[1]: Initializing machine ID from random generator.
[    5.362218] systemd[1]: Installed transient /etc/machine-id file.
[    5.480370] systemd[1]: Created slice User and Session Slice.
[[0;32m  OK  [0m] Created slice User and Session Slice.
[    5.482097] systemd[1]: Listening on Device-mapper event daemon FIFOs.
[[0;32m  OK  [0m] Listening on Device-mapper event daemon FIFOs.
[    5.488451] systemd[1]: Listening on LVM2 metadata daemon socket.
[[0;32m  OK  [0m] Listening on LVM2 metadata daemon socket.
[    5.491042] systemd[1]: Started Forward Password Requests to Wall Directory Watch.
[[0;32m  OK  [0m] Started Forward Password Requests to Wall Directory Watch.
[    5.493616] systemd[1]: Reached target Swap.
[[0;32m  OK  [0m] Reached target Swap.
[    5.495619] systemd[1]: Reached target User and Group Name Lookups.
[[0;32m  OK  [0m] Reached target User and Group Name Lookups.
[    5.498329] systemd[1]: Reached target Encrypted Volumes.
[[0;32m  OK  [0m] Reached target Encrypted Volumes.
[    5.500826] systemd[1]: Reached target System Time Synchronized.
[[0;32m  OK  [0m] Reached target System Time Synchronized.
[    5.503126] systemd[1]: Listening on udev Kernel Socket.
[[0;32m  OK  [0m] Listening on udev Kernel Socket.
[    5.504658] systemd[1]: Set up automount Arbitrary Executable File Formats File System Automount Point.
[[0;32m  OK  [0m] Set up automount Arbitrary Executab...ats File System Automount Point.
[    5.507061] systemd[1]: Listening on Syslog Socket.
[[0;32m  OK  [0m] Listening on Syslog Socket.
[    5.508402] systemd[1]: Listening on Journal Socket.
[[0;32m  OK  [0m] Listening on Journal Socket.
[    5.516528] systemd[1]: Listening on Journal Socket (/dev/log).
[[0;32m  OK  [0m] Listening on Journal Socket (/dev/log).
[    5.518695] systemd[1]: Listening on LVM2 poll daemon socket.
[[0;32m  OK  [0m] Listening on LVM2 poll daemon socket.
[    5.520104] systemd[1]: Started Trigger resolvconf update for networkd DNS.
[[0;32m  OK  [0m] Started Trigger resolvconf update for networkd DNS.
[    5.523313] systemd[1]: Listening on Journal Audit Socket.
[[0;32m  OK  [0m] Listening on Journal Audit Socket.
[    5.525570] systemd[1]: Listening on /dev/initctl Compatibility Named Pipe.
[[0;32m  OK  [0m] Listening on /dev/initctl Compatibility Named Pipe.
[    5.527825] systemd[1]: Created slice System Slice.
[[0;32m  OK  [0m] Created slice System Slice.
[    5.548048] systemd[1]: Starting Create list of required static device nodes for the current kernel...
         Starting Create list of required st... nodes for the current kernel...
[    5.562219] systemd[1]: Starting Load Kernel Modules...
         Starting Load Kernel Modules...
[    5.564564] systemd[1]: Reached target Slices.
[[0;32m  OK  [0m] Reached target Slices.
[    5.567584] systemd[1]: Mounting Huge Pages File System...
         Mounting Huge Pages File System...
[    5.570907] systemd[1]: Created slice system-serial\x2dgetty.slice.
[[0;32m  OK  [0m] Created slice system-serial\x2dgetty.slice.
[    5.573468] Loading iSCSI transport class v2.0-870.
[    5.573847] systemd[1]: Starting Nameserver information manager...
         Starting Nameserver information manager...
[    5.579046] systemd[1]: Mounting POSIX Message Queue File System...
         Mounting POSIX Message Queue File System...
[    5.583546] systemd[1]: Starting Journal Service...
[    5.585118] iscsi: registered transport (tcp)
         Starting Journal Service...
[    5.587853] systemd[1]: Starting Uncomplicated firewall...
         Starting Uncomplicated firewall...
[    5.590999] systemd[1]: Mounting Debug File System...
         Mounting Debug File System...
[    5.595205] systemd[1]: Starting Monitoring of LVM2 mirrors, snapshots etc. using dmeventd or progress polling...
         Starting Monitoring of LVM2 mirrors... dmeventd or progress polling...
[    5.599607] systemd[1]: Listening on fsck to fsckd communication Socket.
[[0;32m  OK  [0m] Listening on fsck to fsckd communication Socket.
[    5.603647] systemd[1]: Starting File System Check on Root Device...
         Starting File System Check on Root Device...
[    5.606119] systemd[1]: Listening on udev Control Socket.
[[0;32m  OK  [0m] Listening on udev Control Socket.
[    5.611116] systemd[1]: Starting Set console keymap...
         Starting Set console keymap...
[    5.618058] systemd[1]: Mounted Huge Pages File System.
[[0;32m  OK  [0m] Mounted Huge Pages File System.
[    5.620510] systemd[1]: Mounted POSIX Message Queue File System.
[[0;32m  OK  [0m] Mounted POSIX Message Queue File System.
[    5.623184] systemd[1]: Mounted Debug File System.
[[0;32m  OK  [0m] Mounted Debug File System.
[    5.625661] systemd[1]: Started Create list of required static device nodes for the current kernel.
[[0;32m  OK  [0m] Started Create list of required sta...ce nodes for the current kernel.
[    5.630365] systemd[1]: Started Uncomplicated firewall.
[[0;32m  OK  [0m] Started Uncomplicated firewall.
[    5.634289] systemd[1]: Started Journal Service.
[[0;32m  OK  [0m] Started Journal Service.
[    5.638809] iscsi: registered transport (iser)
[[0;32m  OK  [0m] Started Load Kernel Modules.
[[0;32m  OK  [0m] Started File System Check on Root Device.
[[0;32m  OK  [0m] Started Nameserver information manager.
[[0;32m  OK  [0m] Started LVM2 metadata daemon.
[[0;32m  OK  [0m] Started File System Check Daemon to report status.
         Starting Remount Root and Kernel File Systems...
         Starting Apply Kernel Variables...
         Mounting FUSE Control File System...
         Starting Create Static Device Nodes in /dev...
[[0;32m  OK  [0m] Mounted FUSE Control File System.
[    5.675531] EXT4-fs (sda1): re-mounted. Opts: (null)
[[0;32m  OK  [0m] Started Remount Root and Kernel File Systems.
         Starting udev Coldplug all Devices...
         Starting Load/Save Random Seed...
         Starting Flush Journal to Persistent Storage...
[[0;32m  OK  [0m] Started Apply Kernel Variables.
[[0;32m  OK  [0m] Started Load/Save Random Seed.
[[0;32m  OK  [0m] Started Create Static Device Nodes in /dev.
[[0;32m  OK  [0m] Started Set console keymap.
         Starting udev Kernel Device Manager...
[[0;32m  OK  [0m] Started Flush Journal to Persistent Storage.
[[0;32m  OK  [0m] Started udev Kernel Device Manager.
[[0;32m  OK  [0m] Started udev Coldplug all Devices.
[[0;32m  OK  [0m] Started Dispatch Password Requests to Console Directory Watch.
[[0;32m  OK  [0m] Started Monitoring of LVM2 mirrors,...ng dmeventd or progress polling.
[[0;32m  OK  [0m] Reached target Local File Systems (Pre).
[[0;32m  OK  [0m] Reached target Local File Systems.
         Starting Initial cloud-init job (pre-networking)...
         Starting LSB: AppArmor initialization...
         Starting Create Volatile Files and Directories...
         Starting Set console font and keymap...
         Starting Commit a transient machine-id on disk...
         Starting Tell Plymouth To Write Out Runtime Data...
[[0;32m  OK  [0m] Started Create Volatile Files and Directories.
         Starting Update UTMP about System Boot/Shutdown...
[[0;32m  OK  [0m] Started Update UTMP about System Boot/Shutdown.
[[0;32m  OK  [0m] Started Tell Plymouth To Write Out Runtime Data.
[[0;32m  OK  [0m] Started Commit a transient machine-id on disk.
[[0;32m  OK  [0m] Found device /dev/ttyS0.
[[0;32m  OK  [0m] Listening on Load/Save RF Kill Switch Status /dev/rfkill Watch.
[[0;32m  OK  [0m] Started Set console font and keymap.
[[0;32m  OK  [0m] Created slice system-getty.slice.
[    7.059710] cloud-init[489]: Cloud-init v. 21.1-19-gbad84ad4-0ubuntu1~16.04.2 running 'init-local' at Sun, 15 Jan 2023 08:21:20 +0000. Up 6.58 seconds.
[[0;32m  OK  [0m] Started Initial cloud-init job (pre-networking).
[[0;32m  OK  [0m] Reached target Network (Pre).
[[0;32m  OK  [0m] Started LSB: AppArmor initialization.
         Starting Raise network interfaces...
         Starting Load AppArmor profiles managed internally by snapd...
[[0;32m  OK  [0m] Started Load AppArmor profiles managed internally by snapd.
[[0;32m  OK  [0m] Started Raise network interfaces.
[[0;32m  OK  [0m] Reached target Network.
         Starting Initial cloud-init job (metadata service crawler)...
[    8.349169] cloud-init[952]: Cloud-init v. 21.1-19-gbad84ad4-0ubuntu1~16.04.2 running 'init' at Sun, 15 Jan 2023 08:21:21 +0000. Up 7.83 seconds.
[    8.350965] cloud-init[952]: ci-info: ++++++++++++++++++++++++++++++++++++++Net device info+++++++++++++++++++++++++++++++++++++++
[    8.352650] cloud-init[952]: ci-info: +--------+-------+----------------------------+---------------+--------+-------------------+
[    8.361712] cloud-init[952]: ci-info: | Device |   Up  |          Address           |      Mask     | Scope  |     Hw-Address    |
[    8.369894] cloud-init[952]: ci-info: +--------+-------+----------------------------+---------------+--------+-------------------+
[    8.372005] cloud-init[952]: ci-info: | enp0s3 |  True |         10.0.2.15          | 255.255.255.0 | global | 02:be:82:6b:cc:1d |
[    8.386222] cloud-init[952]: ci-info: | enp0s3 |  True | fe80::be:82ff:fe6b:cc1d/64 |       .       |  link  | 02:be:82:6b:cc:1d |
[    8.388000] cloud-init[952]: ci-info: | enp0s8 | False |             .              |       .       |   .    | 08:00:27:30:f3:d8 |
[    8.390124] cloud-init[952]: ci-info: |   lo   |  True |         127.0.0.1          |   255.0.0.0   |  host  |         .         |
[    8.391550] cloud-init[952]: ci-info: |   lo   |  True |          ::1/128           |       .       |  host  |         .         |
[    8.398028] cloud-init[952]: ci-info: +--------+-------+----------------------------+---------------+--------+-------------------+
[    8.398969] cloud-init[952]: ci-info: +++++++++++++++++++++++++++Route IPv4 info++++++++++++++++++++++++++++
[    8.404979] cloud-init[952]: ci-info: +-------+-------------+----------+---------------+-----------+-------+
[    8.412584] cloud-init[952]: ci-info: | Route | Destination | Gateway  |    Genmask    | Interface | Flags |
[[0;32m  OK  [0m] Started Initial cloud-init job (metadata service crawler).
[    8.412686] cloud-init[952]: ci-info: +-------+-------------+----------+---------------+-----------+-------+
[    8.414744] cloud-init[952]: ci-info: |   0   |   0.0.0.0   | 10.0.2.2 |    0.0.0.0    |   enp0s3  |   UG  |
[    8.414950] cloud-init[952]: ci-info: |   1   |   10.0.2.0  | 0.0.0.0  | 255.255.255.0 |   enp0s3  |   U   |
[    8.415282] cloud-init[952]: ci-info: +-------+-------------+----------+---------------+-----------+-------+
[    8.415480] cloud-init[952]: ci-info: +++++++++++++++++++Route IPv6 info+++++++++++++++++++
[    8.415689] cloud-init[952]: ci-info: +-------+-------------+---------+-----------+-------+
[    8.415899] cloud-init[952]: ci-info: | Route | Destination | Gateway | Interface | Flags |
[    8.416006] cloud-init[952]: ci-info: +-------+-------------+---------+-----------+-------+
[    8.416238] cloud-init[952]: ci-info: |   0   |  fe80::/64  |    ::   |   enp0s3  |   U   |
[    8.416455] cloud-init[952]: ci-info: |   3   |   ff00::/8  |    ::   |   enp0s3  |   U   |
[    8.416888] cloud-init[952]: ci-info: +-------+-------------+---------+-----------+-------+
[    8.416990] cloud-init[952]: Generating public/private rsa key pair.
[[0;32m  OK  [0m] Reached target Network is Online.
[    8.417065] cloud-init[952]: Your identification has been saved in /etc/ssh/ssh_host_rsa_key.
[    8.425954] cloud-init[952]: Your public key has been saved in /etc/ssh/ssh_host_rsa_key.pub.
[    8.427114] cloud-init[952]: The key fingerprint is:
[    8.427846] cloud-init[952]: SHA256:AnywPQbNRBAKS+YKUT4OZuPZuwvUMrZz+XV/95X2cqc root@ubuntu-xenial
[    8.429498] cloud-init[952]: The key's randomart image is:
[    8.436714]          Starting iSCSI initiator daemon (iscsid)...
[[0;32m  OK  [0m] Reached target Cloud-config availability.
[[0;32m  OK  [0m] Reached target System Initialization.
[[0;32m  OK  [0m] Started Daily apt download activities.
cloud-init[952]: +---[RSA 2048]----+
[    8.439932] cloud-init[952]: [[0;32m  OK  [0m] Started ACPI Events Check.
[[0;32m  OK  [0m] Reached target Paths.
[|o+. =Bo          |
[    8.442117] cloud-init[952]: |+= o =o          |
[    8.442268] cloud-init[952]: |+=+ + =          |
[    8.442397] cloud-init[952]: |*o=. + .         |
[    8.442635] cloud-init[952]: |.B.o  . S        |
[    8.442873] cloud-init[952]: |o + o  .        .|
[    8.443135] cloud-init[952]: | + +   . .     o.|
[    8.443384] cloud-init[952]: |  + o . . .  .o.=|
[0;32m  OK  [0m] Listening on UUID daemon activation socket.
[    8.443559]          Starting Socket activation for snappy daemon.
[[0;32m  OK  [0m] Listening on D-Bus System Message Bus Socket.
[[0;32m  OK  [0m] Started Ubuntu Advantage update messaging.
[[0;32m  OK  [0m] Listening on ACPID Listen Socket.
cloud-init[952]:          Starting LXD - unix socket.
[[0;32m  OK  [0m] Started Daily apt upgrade and clean activities.
[[0;32m  OK  [0m] Started Message of the Day.
[[0;32m  OK  [0m] Started Daily Cleanup of Temporary Directories.
[[0;32m  OK  [0m] Reached target Timers.
[[0;32m  OK  [0m] Listening on Socket activation for snappy daemon.
[[0;32m  OK  [0m] Listening on LXD - unix socket.
[[0;32m  OK  [0m] Reached target Sockets.
|   o..     .. E+=|
[[0;32m  OK  [0m] Reached target Basic System.
         Starting System Logging Service...
[    8.451745] cloud-init[952]: +----[SHA256]-----+
[    8.455525] cloud-init[952]: Generating public/private dsa key pair.
[    8.455659] cloud-init[952]: Your identification has been saved in /etc/ssh/ssh_host_dsa_key.
[    8.456039] cloud-init[952]: Your public key has been saved in /etc/ssh/ssh_host_dsa_key.pub.
[    8.456241] cloud-init[952]: The key fingerprint is:
[    8.456451] cloud-init[952]: SHA256:Sxl3SrZn4oJqPVZ/gE1oLpiSvO6J0YStMuMoMc2NvGE root@ubuntu-xenial
[    8.456670] cloud-init[952]: The key's randomart image is:
[    8.456973] cloud-init[952]: +---[DSA 1024]----+
[    8.457244] cloud-init[952]: |                 |
[    8.457475] cloud-init[952]: |                 |
[    8.457602] cloud-init[952]: |        ..+ .    |
[    8.457887] cloud-init[952]: | o      o*.+     |
[    8.457948] cloud-init[952]: |.=o+ o oS++ o    |
[    8.458037] cloud-init[952]: |o+E + .o+oo+     |
[    8.458190] cloud-init[952]: |*+.= ..oo...     |
[    8.458331] cloud-init[952]: |==o...+  .. .    |
[    8.458422] cloud-init[952]: |+++... .   .     |
[    8.458494] cloud-init[952]: +----[SHA256]-----+
[    8.458582] cloud-init[952]: Generating public/private ecdsa key pair.
[    8.458657] cloud-init[952]: Your identification has been saved in /etc/ssh/ssh_host_ecdsa_key.
[    8.458823] cloud-init[952]: Your public key has been saved in /etc/ssh/ssh_host_ecdsa_key.pub.
[    8.458889] cloud-init[952]: The key fingerprint is:
[    8.458972] cloud-init[952]: SHA256:8nTll1LQ/nt8pxub4RudpdCZcNPlQhzv5GnY7xlO+nA root@ubuntu-xenial
[    8.459055] cloud-init[952]: The key's randomart image is:
[    8.459206] cloud-init[952]: +---[ECDSA 256]---+
[    8.459433] cloud-init[952]: |            .oo..|
[    8.459660] cloud-init[952]: |             oo+.|
[    8.459985] cloud-init[952]: |            o.= =|
[    8.460193] cloud-init[952]: |           o =+X.|
[    8.460303] cloud-init[952]: |      . S . +.*=+|
[    8.460510] cloud-init[952]: |       + .   +.o=|
[    8.460849] cloud-init[952]: |        .    .=E+|
[    8.461073] cloud-init[952]: |             .*OB|
[    8.461294] cloud-init[952]: |             .OB=|
[    8.461523] cloud-init[952]: +----[SHA256]-----+
[    8.461761] cloud-init[952]: Generating public/private ed25519 key pair.
[    8.461972] cloud-init[952]: Your identification has been saved in /etc/ssh/ssh_host_ed25519_key.
[    8.462195] cloud-init[952]: Your public key has been saved in /etc/ssh/ssh_host_ed25519_key.pub.
[    8.462420] cloud-init[952]: The key fingerprint is:
[    8.462647] cloud-init[952]: SHA256:DAaW9RETBI8bYueKrnAxWK6UphBpSkfCCk4KAH/MPfU root@ubuntu-xenial
[    8.462883] cloud-init[952]: The key's randomart image is:
[    8.463103] cloud-init[952]: +--[ED25519 256]--+
[    8.463332] cloud-init[952]: |*. .ooooBo       |
[    8.463544] cloud-init[952]: |o=o+.o = +       |
[    8.464194] cloud-init[952]: |Xoo.* O o E      |
[    8.464363] cloud-init[952]: |**oo = *         |
[    8.464584] cloud-init[952]: |+++   o S        |
[    8.465003] cloud-init[952]: |=. + .           |
[    8.465433] cloud-init[952]: |+ o .            |
[    8.465673] cloud-init[952]: |.o               |
[    8.466011] cloud-init[952]: |...              |
[    8.466228] cloud-init[952]: +----[SHA256]-----+
[[0;32m  OK  [0m] Started ACPI event daemon.
         Starting Virtualbox guest utils...
[[0;32m  OK  [0m] Started Deferred execution scheduler.
         Starting Accounts Service...
         Starting Pollinate to seed the pseudo random number generator...
         Starting LSB: MD monitoring daemon...
[[0;32m  OK  [0m] Started D-Bus System Message Bus.
[[0;32m  OK  [0m] Started Regular background program processing daemon.
[[0;32m  OK  [0m] Started FUSE filesystem for LXC.
         Starting Snap Daemon...
         Starting /etc/rc.local Compatibility...
         Starting LSB: Record successful boot for GRUB...
         Starting Login Service...
         Starting LXD - container startup/shutdown...
[[0;32m  OK  [0m] Started System Logging Service.
[[0;32m  OK  [0m] Started /etc/rc.local Compatibility.
         Starting Authenticate and Authorize Users to Run Privileged Tasks...
[[0;32m  OK  [0m] Started Login Service.
[[0;32m  OK  [0m] Started Unattended Upgrades Shutdown.
[[0;32m  OK  [0m] Started iSCSI initiator daemon (iscsid).
         Starting Login to default iSCSI targets...
[[0;32m  OK  [0m] Started LSB: MD monitoring daemon.
[[0;32m  OK  [0m] Started Login to default iSCSI targets.
[[0;32m  OK  [0m] Reached target Remote File Systems (Pre).
[[0;32m  OK  [0m] Reached target Remote File Systems.
         Starting LSB: automatic crash report generation...
         Starting LSB: Set the CPU Frequency Scaling governor to "ondemand"...
         Starting LSB: daemon to balance interrupts for SMP systems...
         Starting Permit User Sessions...
[[0;32m  OK  [0m] Started LSB: Record successful boot for GRUB.
[[0;32m  OK  [0m] Started Authenticate and Authorize Users to Run Privileged Tasks.
[[0;32m  OK  [0m] Started Permit User Sessions.
[[0;32m  OK  [0m] Started Accounts Service.
         Starting Hold until boot process finishes up...
         Starting Terminate Plymouth Boot Screen...
[[0;32m  OK  [0m] Started Hold until boot process finishes up.
[[0;32m  OK  [0m] Started Serial Getty on ttyS0.
         Starting Set console scheme...
[[0;32m  OK  [0m] Started Getty on tty1.
[[0;32m  OK  [0m] Reached target Login Prompts.
[[0;32m  OK  [0m] Started Terminate Plymouth Boot Screen.
[[0;32m  OK  [0m] Started Set console scheme.
[[0;32m  OK  [0m] Started LSB: automatic crash report generation.
[[0;32m  OK  [0m] Started Virtualbox guest utils.
[[0;32m  OK  [0m] Started LSB: daemon to balance interrupts for SMP systems.
[[0;32m  OK  [0m] Started LSB: Set the CPU Frequency Scaling governor to "ondemand".
[[0;32m  OK  [0m] Started LXD - container startup/shutdown.
[[0;32m  OK  [0m] Started Snap Daemon.
         Starting Wait until snapd is fully seeded...
[[0;32m  OK  [0m] Started Pollinate to seed the pseudo random number generator.
         Starting OpenBSD Secure Shell server...
[[0;32m  OK  [0m] Started OpenBSD Secure Shell server.
[[0;32m  OK  [0m] Created slice User Slice of vagrant.
         Starting User Manager for UID 1000...
[[0;32m  OK  [0m] Started Session 1 of user vagrant.
[[0;32m  OK  [0m] Started User Manager for UID 1000.
[   14.487378] cloud-init[1490]: Generating locales (this might take a while)...

Ubuntu 16.04.7 LTS ubuntu-xenial ttyS0

ubuntu-xenial login: [   15.238924] cloud-init[1490]:   en_US.UTF-8... done
[   15.240088] cloud-init[1490]: Generation complete.
[   15.527466] cloud-init[1490]: Cloud-init v. 21.1-19-gbad84ad4-0ubuntu1~16.04.2 running 'modules:config' at Sun, 15 Jan 2023 08:21:28 +0000. Up 14.36 seconds.
ci-info: no authorized SSH keys fingerprints found for user ubuntu.
<14>Jan 15 08:21:29 ec2: 
<14>Jan 15 08:21:29 ec2: #############################################################
<14>Jan 15 08:21:29 ec2: -----BEGIN SSH HOST KEY FINGERPRINTS-----
<14>Jan 15 08:21:29 ec2: 1024 SHA256:Sxl3SrZn4oJqPVZ/gE1oLpiSvO6J0YStMuMoMc2NvGE root@ubuntu-xenial (DSA)
<14>Jan 15 08:21:29 ec2: 256 SHA256:8nTll1LQ/nt8pxub4RudpdCZcNPlQhzv5GnY7xlO+nA root@ubuntu-xenial (ECDSA)
<14>Jan 15 08:21:29 ec2: 256 SHA256:DAaW9RETBI8bYueKrnAxWK6UphBpSkfCCk4KAH/MPfU root@ubuntu-xenial (ED25519)
<14>Jan 15 08:21:29 ec2: 2048 SHA256:AnywPQbNRBAKS+YKUT4OZuPZuwvUMrZz+XV/95X2cqc root@ubuntu-xenial (RSA)
<14>Jan 15 08:21:29 ec2: -----END SSH HOST KEY FINGERPRINTS-----
<14>Jan 15 08:21:29 ec2: #############################################################
-----BEGIN SSH HOST KEY KEYS-----
ecdsa-sha2-nistp256 AAAAE2VjZHNhLXNoYTItbmlzdHAyNTYAAAAIbmlzdHAyNTYAAABBBMFYeTb0TsJSF21jBJ1oEOOs3O/kfEcJAn9S9i6DTu+HW7VaPoo/lMtvwQBkxgIjMK34DPuM/bkOKiqHdEjbGZ0= root@ubuntu-xenial
ssh-ed25519 AAAAC3NzaC1lZDI1NTE5AAAAIDyccj/c3zCH13C2jBakQo2sITfdGoILaaS+Prz8D7X6 root@ubuntu-xenial
ssh-rsa AAAAB3NzaC1yc2EAAAADAQABAAABAQDHleibLZChtnfVIOJY7E0LIoDCqy70E8Cde8ZY0MHMoo7XdF/oRnPMVDacfKyrAlK3+XFmiChiJhgA/jTkSiNG/PZjsJQ0Nm0/b7EBBLZjfDgrI0fXYlWcLfRkwxBKXrKC23qRyfucnIRVJ0R+kwhLNAnahybBIZoWhd44sU3r6/EWLzuP517KYGd1WYDajhqfvoBx/Do80j9nmP4qxFPlUBSMPo/JLtq+QU7vuXQGwUnLuUuB6kCskN0i9+gSbTImaac7afaNT2iLVSdrouUJG8ZbHwiDuMENKNSljj081+66BJmogD1Zskk9Rbr+nkLCdJVKpxjVYMKZINWed+uf root@ubuntu-xenial
-----END SSH HOST KEY KEYS-----
[   16.111837] cloud-init[1565]: Cloud-init v. 21.1-19-gbad84ad4-0ubuntu1~16.04.2 running 'modules:final' at Sun, 15 Jan 2023 08:21:29 +0000. Up 15.93 seconds.
[   16.112282] cloud-init[1565]: ci-info: no authorized SSH keys fingerprints found for user ubuntu.
[   16.112451] cloud-init[1565]: Cloud-init v. 21.1-19-gbad84ad4-0ubuntu1~16.04.2 finished at Sun, 15 Jan 2023 08:21:29 +0000. Datasource DataSourceNoCloud [seed=/dev/sdb][dsmode=net].  Up 16.10 seconds
